{"/Users/n/code/public-profile-page-url-finder/lib/searcher.js":{"path":"/Users/n/code/public-profile-page-url-finder/lib/searcher.js","s":{"1":1,"2":1,"3":1,"4":1,"5":2,"6":2,"7":2,"8":1,"9":2,"10":1,"11":1,"12":1,"13":1,"14":1,"15":1,"16":1,"17":1,"18":1,"19":1},"b":{"1":[1,1],"2":[2,1]},"f":{"1":2,"2":2,"3":1,"4":1},"fnMap":{"1":{"name":"construct_search_url","line":12,"loc":{"start":{"line":12,"column":0},"end":{"line":12,"column":41}}},"2":{"name":"searcher","line":28,"loc":{"start":{"line":28,"column":0},"end":{"line":28,"column":35}}},"3":{"name":"(anonymous_3)","line":34,"loc":{"start":{"line":34,"column":17},"end":{"line":34,"column":50}}},"4":{"name":"(anonymous_4)","line":40,"loc":{"start":{"line":40,"column":44},"end":{"line":40,"column":63}}}},"statementMap":{"1":{"start":{"line":1,"column":0},"end":{"line":1,"column":26}},"2":{"start":{"line":2,"column":0},"end":{"line":2,"column":29}},"3":{"start":{"line":3,"column":0},"end":{"line":5,"column":3}},"4":{"start":{"line":12,"column":0},"end":{"line":16,"column":1}},"5":{"start":{"line":13,"column":2},"end":{"line":13,"column":49}},"6":{"start":{"line":14,"column":2},"end":{"line":14,"column":50}},"7":{"start":{"line":15,"column":2},"end":{"line":15,"column":13}},"8":{"start":{"line":28,"column":0},"end":{"line":44,"column":1}},"9":{"start":{"line":30,"column":2},"end":{"line":32,"column":3}},"10":{"start":{"line":31,"column":4},"end":{"line":31,"column":21}},"11":{"start":{"line":33,"column":2},"end":{"line":33,"column":45}},"12":{"start":{"line":34,"column":2},"end":{"line":43,"column":5}},"13":{"start":{"line":35,"column":4},"end":{"line":35,"column":35}},"14":{"start":{"line":36,"column":4},"end":{"line":36,"column":62}},"15":{"start":{"line":38,"column":4},"end":{"line":38,"column":74}},"16":{"start":{"line":40,"column":4},"end":{"line":42,"column":6}},"17":{"start":{"line":41,"column":6},"end":{"line":41,"column":35}},"18":{"start":{"line":45,"column":0},"end":{"line":45,"column":26}},"19":{"start":{"line":46,"column":0},"end":{"line":46,"column":42}}},"branchMap":{"1":{"line":30,"type":"if","locations":[{"start":{"line":30,"column":2},"end":{"line":30,"column":2}},{"start":{"line":30,"column":2},"end":{"line":30,"column":2}}]},"2":{"line":30,"type":"binary-expr","locations":[{"start":{"line":30,"column":5},"end":{"line":30,"column":14}},{"start":{"line":30,"column":18},"end":{"line":30,"column":49}}]}}}}